# JRE version: OpenJDK Runtime Environment (8.0_152-b01) (build 1.8.0_152-release-1343-b01)
# Java VM: OpenJDK 64-Bit Server VM (25.152-b01 mixed mode windows-amd64 compressed oops)
Heap:
 PSYoungGen      total 226304K, used 170541K [0x00000000e0000000, 0x00000000eed80000, 0x0000000100000000)
  eden space 213504K, 79% used [0x00000000e0000000,0x00000000ea68b490,0x00000000ed080000)
  from space 12800K, 0% used [0x00000000ee100000,0x00000000ee100000,0x00000000eed80000)
  to   space 14848K, 0% used [0x00000000ed080000,0x00000000ed080000,0x00000000edf00000)
 ParOldGen       total 64000K, used 18386K [0x00000000a0000000, 0x00000000a3e80000, 0x00000000e0000000)
  object space 64000K, 28% used [0x00000000a0000000,0x00000000a11f4940,0x00000000a3e80000)
 Metaspace       used 50437K, capacity 51524K, committed 51712K, reserved 1093632K
  class space    used 6773K, capacity 7054K, committed 7168K, reserved 1048576K
GC Heap History (10 events):
Event: 8.391 GC heap before
{Heap before GC invocations=6 (full 0):
 PSYoungGen      total 61952K, used 5690K [0x00000000e0000000, 0x00000000e8800000, 0x0000000100000000)
  eden space 57344K, 1% used [0x00000000e0000000,0x00000000e01148f0,0x00000000e3800000)
  from space 4608K, 99% used [0x00000000e3800000,0x00000000e3c7a050,0x00000000e3c80000)
  to   space 12288K, 0% used [0x00000000e7c00000,0x00000000e7c00000,0x00000000e8800000)
 ParOldGen       total 76800K, used 11836K [0x00000000a0000000, 0x00000000a4b00000, 0x00000000e0000000)
  object space 76800K, 15% used [0x00000000a0000000,0x00000000a0b8f3c0,0x00000000a4b00000)
 Metaspace       used 20603K, capacity 21130K, committed 21296K, reserved 1067008K
  class space    used 2890K, capacity 3091K, committed 3200K, reserved 1048576K
Event: 8.404 GC heap after
Heap after GC invocations=6 (full 0):
 PSYoungGen      total 125952K, used 4764K [0x00000000e0000000, 0x00000000e8700000, 0x0000000100000000)
  eden space 114688K, 0% used [0x00000000e0000000,0x00000000e0000000,0x00000000e7000000)
  from space 11264K, 42% used [0x00000000e7c00000,0x00000000e80a7340,0x00000000e8700000)
  to   space 11776K, 0% used [0x00000000e7000000,0x00000000e7000000,0x00000000e7b80000)
 ParOldGen       total 76800K, used 11836K [0x00000000a0000000, 0x00000000a4b00000, 0x00000000e0000000)
  object space 76800K, 15% used [0x00000000a0000000,0x00000000a0b8f3c0,0x00000000a4b00000)
 Metaspace       used 20603K, capacity 21130K, committed 21296K, reserved 1067008K
  class space    used 2890K, capacity 3091K, committed 3200K, reserved 1048576K
}
Event: 8.404 GC heap before
{Heap before GC invocations=7 (full 1):
 PSYoungGen      total 125952K, used 4764K [0x00000000e0000000, 0x00000000e8700000, 0x0000000100000000)
  eden space 114688K, 0% used [0x00000000e0000000,0x00000000e0000000,0x00000000e7000000)
  from space 11264K, 42% used [0x00000000e7c00000,0x00000000e80a7340,0x00000000e8700000)
  to   space 11776K, 0% used [0x00000000e7000000,0x00000000e7000000,0x00000000e7b80000)
 ParOldGen       total 76800K, used 11836K [0x00000000a0000000, 0x00000000a4b00000, 0x00000000e0000000)
  object space 76800K, 15% used [0x00000000a0000000,0x00000000a0b8f3c0,0x00000000a4b00000)
 Metaspace       used 20603K, capacity 21130K, committed 21296K, reserved 1067008K
  class space    used 2890K, capacity 3091K, committed 3200K, reserved 1048576K
Event: 8.495 GC heap after
Heap after GC invocations=7 (full 1):
 PSYoungGen      total 125952K, used 0K [0x00000000e0000000, 0x00000000e8700000, 0x0000000100000000)
  eden space 114688K, 0% used [0x00000000e0000000,0x00000000e0000000,0x00000000e7000000)
  from space 11264K, 0% used [0x00000000e7c00000,0x00000000e7c00000,0x00000000e8700000)
  to   space 11776K, 0% used [0x00000000e7000000,0x00000000e7000000,0x00000000e7b80000)
 ParOldGen       total 46080K, used 7484K [0x00000000a0000000, 0x00000000a2d00000, 0x00000000e0000000)
  object space 46080K, 16% used [0x00000000a0000000,0x00000000a074f2d0,0x00000000a2d00000)
 Metaspace       used 20603K, capacity 21130K, committed 21296K, reserved 1067008K
  class space    used 2890K, capacity 3091K, committed 3200K, reserved 1048576K
}
Event: 12.771 GC heap before
{Heap before GC invocations=8 (full 1):
 PSYoungGen      total 125952K, used 114688K [0x00000000e0000000, 0x00000000e8700000, 0x0000000100000000)
  eden space 114688K, 100% used [0x00000000e0000000,0x00000000e7000000,0x00000000e7000000)
  from space 11264K, 0% used [0x00000000e7c00000,0x00000000e7c00000,0x00000000e8700000)
  to   space 11776K, 0% used [0x00000000e7000000,0x00000000e7000000,0x00000000e7b80000)
 ParOldGen       total 46080K, used 7484K [0x00000000a0000000, 0x00000000a2d00000, 0x00000000e0000000)
  object space 46080K, 16% used [0x00000000a0000000,0x00000000a074f2d0,0x00000000a2d00000)
 Metaspace       used 30949K, capacity 31584K, committed 31872K, reserved 1077248K
  class space    used 4232K, capacity 4430K, committed 4480K, reserved 1048576K
Event: 12.815 GC heap after
Heap after GC invocations=8 (full 1):
 PSYoungGen      total 126464K, used 11674K [0x00000000e0000000, 0x00000000eee80000, 0x0000000100000000)
  eden space 114688K, 0% used [0x00000000e0000000,0x00000000e0000000,0x00000000e7000000)
  from space 11776K, 99% used [0x00000000e7000000,0x00000000e7b66ab0,0x00000000e7b80000)
  to   space 13824K, 0% used [0x00000000ee100000,0x00000000ee100000,0x00000000eee80000)
 ParOldGen       total 46080K, used 7492K [0x00000000a0000000, 0x00000000a2d00000, 0x00000000e0000000)
  object space 46080K, 16% used [0x00000000a0000000,0x00000000a07512d0,0x00000000a2d00000)
 Metaspace       used 30949K, capacity 31584K, committed 31872K, reserved 1077248K
  class space    used 4232K, capacity 4430K, committed 4480K, reserved 1048576K
}
Event: 16.630 GC heap before
{Heap before GC invocations=9 (full 1):
 PSYoungGen      total 126464K, used 81732K [0x00000000e0000000, 0x00000000eee80000, 0x0000000100000000)
  eden space 114688K, 61% used [0x00000000e0000000,0x00000000e446a5b8,0x00000000e7000000)
  from space 11776K, 99% used [0x00000000e7000000,0x00000000e7b66ab0,0x00000000e7b80000)
  to   space 13824K, 0% used [0x00000000ee100000,0x00000000ee100000,0x00000000eee80000)
 ParOldGen       total 46080K, used 7492K [0x00000000a0000000, 0x00000000a2d00000, 0x00000000e0000000)
  object space 46080K, 16% used [0x00000000a0000000,0x00000000a07512d0,0x00000000a2d00000)
 Metaspace       used 34656K, capacity 35390K, committed 35456K, reserved 1079296K
  class space    used 4766K, capacity 4959K, committed 4992K, reserved 1048576K
Event: 16.692 GC heap after
Heap after GC invocations=9 (full 1):
 PSYoungGen      total 226304K, used 11490K [0x00000000e0000000, 0x00000000eed80000, 0x0000000100000000)
  eden space 213504K, 0% used [0x00000000e0000000,0x00000000e0000000,0x00000000ed080000)
  from space 12800K, 89% used [0x00000000ee100000,0x00000000eec38820,0x00000000eed80000)
  to   space 14848K, 0% used [0x00000000ed080000,0x00000000ed080000,0x00000000edf00000)
 ParOldGen       total 46080K, used 7500K [0x00000000a0000000, 0x00000000a2d00000, 0x00000000e0000000)
  object space 46080K, 16% used [0x00000000a0000000,0x00000000a07532d0,0x00000000a2d00000)
 Metaspace       used 34656K, capacity 35390K, committed 35456K, reserved 1079296K
  class space    used 4766K, capacity 4959K, committed 4992K, reserved 1048576K
}
Event: 16.692 GC heap before
{Heap before GC invocations=10 (full 2):
 PSYoungGen      total 226304K, used 11490K [0x00000000e0000000, 0x00000000eed80000, 0x0000000100000000)
  eden space 213504K, 0% used [0x00000000e0000000,0x00000000e0000000,0x00000000ed080000)
  from space 12800K, 89% used [0x00000000ee100000,0x00000000eec38820,0x00000000eed80000)
  to   space 14848K, 0% used [0x00000000ed080000,0x00000000ed080000,0x00000000edf00000)
 ParOldGen       total 46080K, used 7500K [0x00000000a0000000, 0x00000000a2d00000, 0x00000000e0000000)
  object space 46080K, 16% used [0x00000000a0000000,0x00000000a07532d0,0x00000000a2d00000)
 Metaspace       used 34656K, capacity 35390K, committed 35456K, reserved 1079296K
  class space    used 4766K, capacity 4959K, committed 4992K, reserved 1048576K
Event: 16.936 GC heap after
Heap after GC invocations=10 (full 2):
 PSYoungGen      total 226304K, used 0K [0x00000000e0000000, 0x00000000eed80000, 0x0000000100000000)
  eden space 213504K, 0% used [0x00000000e0000000,0x00000000e0000000,0x00000000ed080000)
  from space 12800K, 0% used [0x00000000ee100000,0x00000000ee100000,0x00000000eed80000)
  to   space 14848K, 0% used [0x00000000ed080000,0x00000000ed080000,0x00000000edf00000)
 ParOldGen       total 64000K, used 18386K [0x00000000a0000000, 0x00000000a3e80000, 0x00000000e0000000)
  object space 64000K, 28% used [0x00000000a0000000,0x00000000a11f4940,0x00000000a3e80000)
 Metaspace       used 34654K, capacity 35384K, committed 35456K, reserved 1079296K
  class space    used 4766K, capacity 4958K, committed 4992K, reserved 1048576K
}

