# JRE version: OpenJDK Runtime Environment (8.0_152-b01) (build 1.8.0_152-release-1343-b01)
# Java VM: OpenJDK 64-Bit Server VM (25.152-b01 mixed mode windows-amd64 compressed oops)
Heap:
 PSYoungGen      total 418816K, used 131324K [0x00000000e0000000, 0x00000000fe200000, 0x0000000100000000)
  eden space 347648K, 28% used [0x00000000e0000000,0x00000000e5fd0b88,0x00000000f5380000)
  from space 71168K, 46% used [0x00000000f9980000,0x00000000fb9ee7e0,0x00000000fdf00000)
  to   space 71680K, 0% used [0x00000000f5380000,0x00000000f5380000,0x00000000f9980000)
 ParOldGen       total 240128K, used 102686K [0x00000000a0000000, 0x00000000aea80000, 0x00000000e0000000)
  object space 240128K, 42% used [0x00000000a0000000,0x00000000a6447bb0,0x00000000aea80000)
 Metaspace       used 107155K, capacity 112536K, committed 112768K, reserved 1148928K
  class space    used 13245K, capacity 14177K, committed 14208K, reserved 1048576K
GC Heap History (10 events):
Event: 1516.835 GC heap before
{Heap before GC invocations=46 (full 4):
 PSYoungGen      total 419328K, used 394207K [0x00000000e0000000, 0x00000000fe200000, 0x0000000100000000)
  eden space 347648K, 100% used [0x00000000e0000000,0x00000000f5380000,0x00000000f5380000)
  from space 71680K, 64% used [0x00000000f5380000,0x00000000f80f7e08,0x00000000f9980000)
  to   space 71168K, 0% used [0x00000000f9980000,0x00000000f9980000,0x00000000fdf00000)
 ParOldGen       total 240128K, used 84901K [0x00000000a0000000, 0x00000000aea80000, 0x00000000e0000000)
  object space 240128K, 35% used [0x00000000a0000000,0x00000000a52e95e8,0x00000000aea80000)
 Metaspace       used 106893K, capacity 112292K, committed 112512K, reserved 1146880K
  class space    used 13235K, capacity 14141K, committed 14208K, reserved 1048576K
Event: 1516.927 GC heap after
Heap after GC invocations=46 (full 4):
 PSYoungGen      total 418816K, used 45107K [0x00000000e0000000, 0x00000000fe200000, 0x0000000100000000)
  eden space 347648K, 0% used [0x00000000e0000000,0x00000000e0000000,0x00000000f5380000)
  from space 71168K, 63% used [0x00000000f9980000,0x00000000fc58cd68,0x00000000fdf00000)
  to   space 71680K, 0% used [0x00000000f5380000,0x00000000f5380000,0x00000000f9980000)
 ParOldGen       total 240128K, used 85061K [0x00000000a0000000, 0x00000000aea80000, 0x00000000e0000000)
  object space 240128K, 35% used [0x00000000a0000000,0x00000000a53115e8,0x00000000aea80000)
 Metaspace       used 106893K, capacity 112292K, committed 112512K, reserved 1146880K
  class space    used 13235K, capacity 14141K, committed 14208K, reserved 1048576K
}
Event: 1519.285 GC heap before
{Heap before GC invocations=47 (full 4):
 PSYoungGen      total 418816K, used 392755K [0x00000000e0000000, 0x00000000fe200000, 0x0000000100000000)
  eden space 347648K, 100% used [0x00000000e0000000,0x00000000f5380000,0x00000000f5380000)
  from space 71168K, 63% used [0x00000000f9980000,0x00000000fc58cd68,0x00000000fdf00000)
  to   space 71680K, 0% used [0x00000000f5380000,0x00000000f5380000,0x00000000f9980000)
 ParOldGen       total 240128K, used 85061K [0x00000000a0000000, 0x00000000aea80000, 0x00000000e0000000)
  object space 240128K, 35% used [0x00000000a0000000,0x00000000a53115e8,0x00000000aea80000)
 Metaspace       used 106934K, capacity 112296K, committed 112512K, reserved 1146880K
  class space    used 13235K, capacity 14141K, committed 14208K, reserved 1048576K
Event: 1519.441 GC heap after
Heap after GC invocations=47 (full 4):
 PSYoungGen      total 419328K, used 36302K [0x00000000e0000000, 0x00000000fe200000, 0x0000000100000000)
  eden space 347648K, 0% used [0x00000000e0000000,0x00000000e0000000,0x00000000f5380000)
  from space 71680K, 50% used [0x00000000f5380000,0x00000000f76f3b50,0x00000000f9980000)
  to   space 71168K, 0% used [0x00000000f9980000,0x00000000f9980000,0x00000000fdf00000)
 ParOldGen       total 240128K, used 90821K [0x00000000a0000000, 0x00000000aea80000, 0x00000000e0000000)
  object space 240128K, 37% used [0x00000000a0000000,0x00000000a58b1700,0x00000000aea80000)
 Metaspace       used 106934K, capacity 112296K, committed 112512K, reserved 1146880K
  class space    used 13235K, capacity 14141K, committed 14208K, reserved 1048576K
}
Event: 1521.980 GC heap before
{Heap before GC invocations=48 (full 4):
 PSYoungGen      total 419328K, used 383950K [0x00000000e0000000, 0x00000000fe200000, 0x0000000100000000)
  eden space 347648K, 100% used [0x00000000e0000000,0x00000000f5380000,0x00000000f5380000)
  from space 71680K, 50% used [0x00000000f5380000,0x00000000f76f3b50,0x00000000f9980000)
  to   space 71168K, 0% used [0x00000000f9980000,0x00000000f9980000,0x00000000fdf00000)
 ParOldGen       total 240128K, used 90821K [0x00000000a0000000, 0x00000000aea80000, 0x00000000e0000000)
  object space 240128K, 37% used [0x00000000a0000000,0x00000000a58b1700,0x00000000aea80000)
 Metaspace       used 106994K, capacity 112362K, committed 112512K, reserved 1146880K
  class space    used 13236K, capacity 14142K, committed 14208K, reserved 1048576K
Event: 1522.079 GC heap after
Heap after GC invocations=48 (full 4):
 PSYoungGen      total 418816K, used 34381K [0x00000000e0000000, 0x00000000fe200000, 0x0000000100000000)
  eden space 347648K, 0% used [0x00000000e0000000,0x00000000e0000000,0x00000000f5380000)
  from space 71168K, 48% used [0x00000000f9980000,0x00000000fbb13518,0x00000000fdf00000)
  to   space 71680K, 0% used [0x00000000f5380000,0x00000000f5380000,0x00000000f9980000)
 ParOldGen       total 240128K, used 94358K [0x00000000a0000000, 0x00000000aea80000, 0x00000000e0000000)
  object space 240128K, 39% used [0x00000000a0000000,0x00000000a5c25898,0x00000000aea80000)
 Metaspace       used 106994K, capacity 112362K, committed 112512K, reserved 1146880K
  class space    used 13236K, capacity 14142K, committed 14208K, reserved 1048576K
}
Event: 1524.230 GC heap before
{Heap before GC invocations=49 (full 4):
 PSYoungGen      total 418816K, used 382029K [0x00000000e0000000, 0x00000000fe200000, 0x0000000100000000)
  eden space 347648K, 100% used [0x00000000e0000000,0x00000000f5380000,0x00000000f5380000)
  from space 71168K, 48% used [0x00000000f9980000,0x00000000fbb13518,0x00000000fdf00000)
  to   space 71680K, 0% used [0x00000000f5380000,0x00000000f5380000,0x00000000f9980000)
 ParOldGen       total 240128K, used 95039K [0x00000000a0000000, 0x00000000aea80000, 0x00000000e0000000)
  object space 240128K, 39% used [0x00000000a0000000,0x00000000a5ccfea0,0x00000000aea80000)
 Metaspace       used 107039K, capacity 112466K, committed 112512K, reserved 1146880K
  class space    used 13239K, capacity 14176K, committed 14208K, reserved 1048576K
Event: 1524.304 GC heap after
Heap after GC invocations=49 (full 4):
 PSYoungGen      total 419328K, used 30312K [0x00000000e0000000, 0x00000000fe200000, 0x0000000100000000)
  eden space 347648K, 0% used [0x00000000e0000000,0x00000000e0000000,0x00000000f5380000)
  from space 71680K, 42% used [0x00000000f5380000,0x00000000f711a1a8,0x00000000f9980000)
  to   space 71168K, 0% used [0x00000000f9980000,0x00000000f9980000,0x00000000fdf00000)
 ParOldGen       total 240128K, used 101479K [0x00000000a0000000, 0x00000000aea80000, 0x00000000e0000000)
  object space 240128K, 42% used [0x00000000a0000000,0x00000000a6319d58,0x00000000aea80000)
 Metaspace       used 107039K, capacity 112466K, committed 112512K, reserved 1146880K
  class space    used 13239K, capacity 14176K, committed 14208K, reserved 1048576K
}
Event: 1526.582 GC heap before
{Heap before GC invocations=50 (full 4):
 PSYoungGen      total 419328K, used 377960K [0x00000000e0000000, 0x00000000fe200000, 0x0000000100000000)
  eden space 347648K, 100% used [0x00000000e0000000,0x00000000f5380000,0x00000000f5380000)
  from space 71680K, 42% used [0x00000000f5380000,0x00000000f711a1a8,0x00000000f9980000)
  to   space 71168K, 0% used [0x00000000f9980000,0x00000000f9980000,0x00000000fdf00000)
 ParOldGen       total 240128K, used 101481K [0x00000000a0000000, 0x00000000aea80000, 0x00000000e0000000)
  object space 240128K, 42% used [0x00000000a0000000,0x00000000a631a4a0,0x00000000aea80000)
 Metaspace       used 107089K, capacity 112472K, committed 112512K, reserved 1146880K
  class space    used 13240K, capacity 14177K, committed 14208K, reserved 1048576K
Event: 1526.667 GC heap after
Heap after GC invocations=50 (full 4):
 PSYoungGen      total 418816K, used 33209K [0x00000000e0000000, 0x00000000fe200000, 0x0000000100000000)
  eden space 347648K, 0% used [0x00000000e0000000,0x00000000e0000000,0x00000000f5380000)
  from space 71168K, 46% used [0x00000000f9980000,0x00000000fb9ee7e0,0x00000000fdf00000)
  to   space 71680K, 0% used [0x00000000f5380000,0x00000000f5380000,0x00000000f9980000)
 ParOldGen       total 240128K, used 102686K [0x00000000a0000000, 0x00000000aea80000, 0x00000000e0000000)
  object space 240128K, 42% used [0x00000000a0000000,0x00000000a6447bb0,0x00000000aea80000)
 Metaspace       used 107089K, capacity 112472K, committed 112512K, reserved 1146880K
  class space    used 13240K, capacity 14177K, committed 14208K, reserved 1048576K
}

