# JRE version: OpenJDK Runtime Environment (8.0_152-b01) (build 1.8.0_152-release-1343-b01)
# Java VM: OpenJDK 64-Bit Server VM (25.152-b01 mixed mode windows-amd64 compressed oops)
Heap:
 PSYoungGen      total 33280K, used 16490K [0x00000000e0000000, 0x00000000e2500000, 0x0000000100000000)
  eden space 28672K, 46% used [0x00000000e0000000,0x00000000e0cef488,0x00000000e1c00000)
  from space 4608K, 70% used [0x00000000e2080000,0x00000000e23ab468,0x00000000e2500000)
  to   space 4608K, 0% used [0x00000000e1c00000,0x00000000e1c00000,0x00000000e2080000)
 ParOldGen       total 53760K, used 5809K [0x00000000a0000000, 0x00000000a3480000, 0x00000000e0000000)
  object space 53760K, 10% used [0x00000000a0000000,0x00000000a05ac618,0x00000000a3480000)
 Metaspace       used 15102K, capacity 15484K, committed 15616K, reserved 1064960K
  class space    used 2139K, capacity 2268K, committed 2304K, reserved 1048576K
GC Heap History (10 events):
Event: 2.508 GC heap before
{Heap before GC invocations=1 (full 0):
 PSYoungGen      total 33280K, used 28672K [0x00000000e0000000, 0x00000000e2500000, 0x0000000100000000)
  eden space 28672K, 100% used [0x00000000e0000000,0x00000000e1c00000,0x00000000e1c00000)
  from space 4608K, 0% used [0x00000000e2080000,0x00000000e2080000,0x00000000e2500000)
  to   space 4608K, 0% used [0x00000000e1c00000,0x00000000e1c00000,0x00000000e2080000)
 ParOldGen       total 76800K, used 0K [0x00000000a0000000, 0x00000000a4b00000, 0x00000000e0000000)
  object space 76800K, 0% used [0x00000000a0000000,0x00000000a0000000,0x00000000a4b00000)
 Metaspace       used 6974K, capacity 7192K, committed 7424K, reserved 1056768K
  class space    used 847K, capacity 909K, committed 1024K, reserved 1048576K
Event: 2.526 GC heap after
Heap after GC invocations=1 (full 0):
 PSYoungGen      total 33280K, used 4377K [0x00000000e0000000, 0x00000000e2500000, 0x0000000100000000)
  eden space 28672K, 0% used [0x00000000e0000000,0x00000000e0000000,0x00000000e1c00000)
  from space 4608K, 94% used [0x00000000e1c00000,0x00000000e20465b8,0x00000000e2080000)
  to   space 4608K, 0% used [0x00000000e2080000,0x00000000e2080000,0x00000000e2500000)
 ParOldGen       total 76800K, used 8K [0x00000000a0000000, 0x00000000a4b00000, 0x00000000e0000000)
  object space 76800K, 0% used [0x00000000a0000000,0x00000000a0002000,0x00000000a4b00000)
 Metaspace       used 6974K, capacity 7192K, committed 7424K, reserved 1056768K
  class space    used 847K, capacity 909K, committed 1024K, reserved 1048576K
}
Event: 4.400 GC heap before
{Heap before GC invocations=2 (full 0):
 PSYoungGen      total 33280K, used 33049K [0x00000000e0000000, 0x00000000e2500000, 0x0000000100000000)
  eden space 28672K, 100% used [0x00000000e0000000,0x00000000e1c00000,0x00000000e1c00000)
  from space 4608K, 94% used [0x00000000e1c00000,0x00000000e20465b8,0x00000000e2080000)
  to   space 4608K, 0% used [0x00000000e2080000,0x00000000e2080000,0x00000000e2500000)
 ParOldGen       total 76800K, used 8K [0x00000000a0000000, 0x00000000a4b00000, 0x00000000e0000000)
  object space 76800K, 0% used [0x00000000a0000000,0x00000000a0002000,0x00000000a4b00000)
 Metaspace       used 7390K, capacity 7698K, committed 7936K, reserved 1056768K
  class space    used 924K, capacity 1014K, committed 1024K, reserved 1048576K
Event: 4.408 GC heap after
Heap after GC invocations=2 (full 0):
 PSYoungGen      total 33280K, used 3636K [0x00000000e0000000, 0x00000000e2500000, 0x0000000100000000)
  eden space 28672K, 0% used [0x00000000e0000000,0x00000000e0000000,0x00000000e1c00000)
  from space 4608K, 78% used [0x00000000e2080000,0x00000000e240d3e8,0x00000000e2500000)
  to   space 4608K, 0% used [0x00000000e1c00000,0x00000000e1c00000,0x00000000e2080000)
 ParOldGen       total 76800K, used 16K [0x00000000a0000000, 0x00000000a4b00000, 0x00000000e0000000)
  object space 76800K, 0% used [0x00000000a0000000,0x00000000a0004000,0x00000000a4b00000)
 Metaspace       used 7390K, capacity 7698K, committed 7936K, reserved 1056768K
  class space    used 924K, capacity 1014K, committed 1024K, reserved 1048576K
}
Event: 9.793 GC heap before
{Heap before GC invocations=3 (full 0):
 PSYoungGen      total 33280K, used 27083K [0x00000000e0000000, 0x00000000e2500000, 0x0000000100000000)
  eden space 28672K, 81% used [0x00000000e0000000,0x00000000e16e59a8,0x00000000e1c00000)
  from space 4608K, 78% used [0x00000000e2080000,0x00000000e240d3e8,0x00000000e2500000)
  to   space 4608K, 0% used [0x00000000e1c00000,0x00000000e1c00000,0x00000000e2080000)
 ParOldGen       total 76800K, used 16K [0x00000000a0000000, 0x00000000a4b00000, 0x00000000e0000000)
  object space 76800K, 0% used [0x00000000a0000000,0x00000000a0004000,0x00000000a4b00000)
 Metaspace       used 12070K, capacity 12452K, committed 12544K, reserved 1064960K
  class space    used 1604K, capacity 1742K, committed 1792K, reserved 1048576K
Event: 9.808 GC heap after
Heap after GC invocations=3 (full 0):
 PSYoungGen      total 33280K, used 4600K [0x00000000e0000000, 0x00000000e2500000, 0x0000000100000000)
  eden space 28672K, 0% used [0x00000000e0000000,0x00000000e0000000,0x00000000e1c00000)
  from space 4608K, 99% used [0x00000000e1c00000,0x00000000e207e030,0x00000000e2080000)
  to   space 4608K, 0% used [0x00000000e2080000,0x00000000e2080000,0x00000000e2500000)
 ParOldGen       total 76800K, used 1437K [0x00000000a0000000, 0x00000000a4b00000, 0x00000000e0000000)
  object space 76800K, 1% used [0x00000000a0000000,0x00000000a0167520,0x00000000a4b00000)
 Metaspace       used 12070K, capacity 12452K, committed 12544K, reserved 1064960K
  class space    used 1604K, capacity 1742K, committed 1792K, reserved 1048576K
}
Event: 9.808 GC heap before
{Heap before GC invocations=4 (full 1):
 PSYoungGen      total 33280K, used 4600K [0x00000000e0000000, 0x00000000e2500000, 0x0000000100000000)
  eden space 28672K, 0% used [0x00000000e0000000,0x00000000e0000000,0x00000000e1c00000)
  from space 4608K, 99% used [0x00000000e1c00000,0x00000000e207e030,0x00000000e2080000)
  to   space 4608K, 0% used [0x00000000e2080000,0x00000000e2080000,0x00000000e2500000)
 ParOldGen       total 76800K, used 1437K [0x00000000a0000000, 0x00000000a4b00000, 0x00000000e0000000)
  object space 76800K, 1% used [0x00000000a0000000,0x00000000a0167520,0x00000000a4b00000)
 Metaspace       used 12070K, capacity 12452K, committed 12544K, reserved 1064960K
  class space    used 1604K, capacity 1742K, committed 1792K, reserved 1048576K
Event: 9.876 GC heap after
Heap after GC invocations=4 (full 1):
 PSYoungGen      total 33280K, used 0K [0x00000000e0000000, 0x00000000e2500000, 0x0000000100000000)
  eden space 28672K, 0% used [0x00000000e0000000,0x00000000e0000000,0x00000000e1c00000)
  from space 4608K, 0% used [0x00000000e1c00000,0x00000000e1c00000,0x00000000e2080000)
  to   space 4608K, 0% used [0x00000000e2080000,0x00000000e2080000,0x00000000e2500000)
 ParOldGen       total 53760K, used 5801K [0x00000000a0000000, 0x00000000a3480000, 0x00000000e0000000)
  object space 53760K, 10% used [0x00000000a0000000,0x00000000a05aa618,0x00000000a3480000)
 Metaspace       used 12070K, capacity 12452K, committed 12544K, reserved 1062912K
  class space    used 1604K, capacity 1742K, committed 1792K, reserved 1048576K
}
Event: 11.124 GC heap before
{Heap before GC invocations=5 (full 1):
 PSYoungGen      total 33280K, used 28672K [0x00000000e0000000, 0x00000000e2500000, 0x0000000100000000)
  eden space 28672K, 100% used [0x00000000e0000000,0x00000000e1c00000,0x00000000e1c00000)
  from space 4608K, 0% used [0x00000000e1c00000,0x00000000e1c00000,0x00000000e2080000)
  to   space 4608K, 0% used [0x00000000e2080000,0x00000000e2080000,0x00000000e2500000)
 ParOldGen       total 53760K, used 5801K [0x00000000a0000000, 0x00000000a3480000, 0x00000000e0000000)
  object space 53760K, 10% used [0x00000000a0000000,0x00000000a05aa618,0x00000000a3480000)
 Metaspace       used 14357K, capacity 14766K, committed 14976K, reserved 1062912K
  class space    used 1997K, capacity 2131K, committed 2176K, reserved 1048576K
Event: 11.130 GC heap after
Heap after GC invocations=5 (full 1):
 PSYoungGen      total 33280K, used 3245K [0x00000000e0000000, 0x00000000e2500000, 0x0000000100000000)
  eden space 28672K, 0% used [0x00000000e0000000,0x00000000e0000000,0x00000000e1c00000)
  from space 4608K, 70% used [0x00000000e2080000,0x00000000e23ab468,0x00000000e2500000)
  to   space 4608K, 0% used [0x00000000e1c00000,0x00000000e1c00000,0x00000000e2080000)
 ParOldGen       total 53760K, used 5809K [0x00000000a0000000, 0x00000000a3480000, 0x00000000e0000000)
  object space 53760K, 10% used [0x00000000a0000000,0x00000000a05ac618,0x00000000a3480000)
 Metaspace       used 14357K, capacity 14766K, committed 14976K, reserved 1062912K
  class space    used 1997K, capacity 2131K, committed 2176K, reserved 1048576K
}

