# JRE version: OpenJDK Runtime Environment (8.0_152-b01) (build 1.8.0_152-release-1343-b01)
# Java VM: OpenJDK 64-Bit Server VM (25.152-b01 mixed mode windows-amd64 compressed oops)
Heap:
 PSYoungGen      total 333824K, used 33114K [0x00000000e0000000, 0x00000000f6400000, 0x0000000100000000)
  eden space 317952K, 5% used [0x00000000e0000000,0x00000000e10dbf20,0x00000000f3680000)
  from space 15872K, 99% used [0x00000000f5480000,0x00000000f63faaf0,0x00000000f6400000)
  to   space 22528K, 0% used [0x00000000f3800000,0x00000000f3800000,0x00000000f4e00000)
 ParOldGen       total 52224K, used 27965K [0x00000000a0000000, 0x00000000a3300000, 0x00000000e0000000)
  object space 52224K, 53% used [0x00000000a0000000,0x00000000a1b4f678,0x00000000a3300000)
 Metaspace       used 56482K, capacity 57988K, committed 58240K, reserved 1099776K
  class space    used 7607K, capacity 7950K, committed 8064K, reserved 1048576K
GC Heap History (10 events):
Event: 7.466 GC heap before
{Heap before GC invocations=6 (full 1):
 PSYoungGen      total 119296K, used 4604K [0x00000000e0000000, 0x00000000efa00000, 0x0000000100000000)
  eden space 114688K, 0% used [0x00000000e0000000,0x00000000e0000000,0x00000000e7000000)
  from space 4608K, 99% used [0x00000000e7000000,0x00000000e747f080,0x00000000e7480000)
  to   space 13312K, 0% used [0x00000000eed00000,0x00000000eed00000,0x00000000efa00000)
 ParOldGen       total 76800K, used 12299K [0x00000000a0000000, 0x00000000a4b00000, 0x00000000e0000000)
  object space 76800K, 16% used [0x00000000a0000000,0x00000000a0c02e88,0x00000000a4b00000)
 Metaspace       used 20623K, capacity 21130K, committed 21296K, reserved 1067008K
  class space    used 2892K, capacity 3091K, committed 3200K, reserved 1048576K
Event: 7.553 GC heap after
Heap after GC invocations=6 (full 1):
 PSYoungGen      total 119296K, used 0K [0x00000000e0000000, 0x00000000efa00000, 0x0000000100000000)
  eden space 114688K, 0% used [0x00000000e0000000,0x00000000e0000000,0x00000000e7000000)
  from space 4608K, 0% used [0x00000000e7000000,0x00000000e7000000,0x00000000e7480000)
  to   space 13312K, 0% used [0x00000000eed00000,0x00000000eed00000,0x00000000efa00000)
 ParOldGen       total 52224K, used 7803K [0x00000000a0000000, 0x00000000a3300000, 0x00000000e0000000)
  object space 52224K, 14% used [0x00000000a0000000,0x00000000a079ef68,0x00000000a3300000)
 Metaspace       used 20623K, capacity 21130K, committed 21296K, reserved 1067008K
  class space    used 2892K, capacity 3091K, committed 3200K, reserved 1048576K
}
Event: 10.367 GC heap before
{Heap before GC invocations=7 (full 1):
 PSYoungGen      total 119296K, used 114688K [0x00000000e0000000, 0x00000000efa00000, 0x0000000100000000)
  eden space 114688K, 100% used [0x00000000e0000000,0x00000000e7000000,0x00000000e7000000)
  from space 4608K, 0% used [0x00000000e7000000,0x00000000e7000000,0x00000000e7480000)
  to   space 13312K, 0% used [0x00000000eed00000,0x00000000eed00000,0x00000000efa00000)
 ParOldGen       total 52224K, used 7803K [0x00000000a0000000, 0x00000000a3300000, 0x00000000e0000000)
  object space 52224K, 14% used [0x00000000a0000000,0x00000000a079ef68,0x00000000a3300000)
 Metaspace       used 30978K, capacity 31584K, committed 31872K, reserved 1077248K
  class space    used 4246K, capacity 4430K, committed 4480K, reserved 1048576K
Event: 10.420 GC heap after
Heap after GC invocations=7 (full 1):
 PSYoungGen      total 208896K, used 11762K [0x00000000e0000000, 0x00000000ef880000, 0x0000000100000000)
  eden space 197120K, 0% used [0x00000000e0000000,0x00000000e0000000,0x00000000ec080000)
  from space 11776K, 99% used [0x00000000eed00000,0x00000000ef87ca88,0x00000000ef880000)
  to   space 14848K, 0% used [0x00000000edb80000,0x00000000edb80000,0x00000000eea00000)
 ParOldGen       total 52224K, used 7811K [0x00000000a0000000, 0x00000000a3300000, 0x00000000e0000000)
  object space 52224K, 14% used [0x00000000a0000000,0x00000000a07a0f68,0x00000000a3300000)
 Metaspace       used 30978K, capacity 31584K, committed 31872K, reserved 1077248K
  class space    used 4246K, capacity 4430K, committed 4480K, reserved 1048576K
}
Event: 12.280 GC heap before
{Heap before GC invocations=8 (full 1):
 PSYoungGen      total 208896K, used 82128K [0x00000000e0000000, 0x00000000ef880000, 0x0000000100000000)
  eden space 197120K, 35% used [0x00000000e0000000,0x00000000e44b76d8,0x00000000ec080000)
  from space 11776K, 99% used [0x00000000eed00000,0x00000000ef87ca88,0x00000000ef880000)
  to   space 14848K, 0% used [0x00000000edb80000,0x00000000edb80000,0x00000000eea00000)
 ParOldGen       total 52224K, used 7811K [0x00000000a0000000, 0x00000000a3300000, 0x00000000e0000000)
  object space 52224K, 14% used [0x00000000a0000000,0x00000000a07a0f68,0x00000000a3300000)
 Metaspace       used 34660K, capacity 35428K, committed 35456K, reserved 1079296K
  class space    used 4772K, capacity 4992K, committed 4992K, reserved 1048576K
Event: 12.308 GC heap after
Heap after GC invocations=8 (full 1):
 PSYoungGen      total 239616K, used 11374K [0x00000000e0000000, 0x00000000f6400000, 0x0000000100000000)
  eden space 224768K, 0% used [0x00000000e0000000,0x00000000e0000000,0x00000000edb80000)
  from space 14848K, 76% used [0x00000000edb80000,0x00000000ee69ba30,0x00000000eea00000)
  to   space 15872K, 0% used [0x00000000f5480000,0x00000000f5480000,0x00000000f6400000)
 ParOldGen       total 52224K, used 7819K [0x00000000a0000000, 0x00000000a3300000, 0x00000000e0000000)
  object space 52224K, 14% used [0x00000000a0000000,0x00000000a07a2f68,0x00000000a3300000)
 Metaspace       used 34660K, capacity 35428K, committed 35456K, reserved 1079296K
  class space    used 4772K, capacity 4992K, committed 4992K, reserved 1048576K
}
Event: 12.308 GC heap before
{Heap before GC invocations=9 (full 2):
 PSYoungGen      total 239616K, used 11374K [0x00000000e0000000, 0x00000000f6400000, 0x0000000100000000)
  eden space 224768K, 0% used [0x00000000e0000000,0x00000000e0000000,0x00000000edb80000)
  from space 14848K, 76% used [0x00000000edb80000,0x00000000ee69ba30,0x00000000eea00000)
  to   space 15872K, 0% used [0x00000000f5480000,0x00000000f5480000,0x00000000f6400000)
 ParOldGen       total 52224K, used 7819K [0x00000000a0000000, 0x00000000a3300000, 0x00000000e0000000)
  object space 52224K, 14% used [0x00000000a0000000,0x00000000a07a2f68,0x00000000a3300000)
 Metaspace       used 34660K, capacity 35428K, committed 35456K, reserved 1079296K
  class space    used 4772K, capacity 4992K, committed 4992K, reserved 1048576K
Event: 12.547 GC heap after
Heap after GC invocations=9 (full 2):
 PSYoungGen      total 239616K, used 0K [0x00000000e0000000, 0x00000000f6400000, 0x0000000100000000)
  eden space 224768K, 0% used [0x00000000e0000000,0x00000000e0000000,0x00000000edb80000)
  from space 14848K, 0% used [0x00000000edb80000,0x00000000edb80000,0x00000000eea00000)
  to   space 15872K, 0% used [0x00000000f5480000,0x00000000f5480000,0x00000000f6400000)
 ParOldGen       total 52224K, used 18343K [0x00000000a0000000, 0x00000000a3300000, 0x00000000e0000000)
  object space 52224K, 35% used [0x00000000a0000000,0x00000000a11e9c80,0x00000000a3300000)
 Metaspace       used 34654K, capacity 35410K, committed 35456K, reserved 1079296K
  class space    used 4771K, capacity 4989K, committed 4992K, reserved 1048576K
}
Event: 19.146 GC heap before
{Heap before GC invocations=10 (full 2):
 PSYoungGen      total 239616K, used 224768K [0x00000000e0000000, 0x00000000f6400000, 0x0000000100000000)
  eden space 224768K, 100% used [0x00000000e0000000,0x00000000edb80000,0x00000000edb80000)
  from space 14848K, 0% used [0x00000000edb80000,0x00000000edb80000,0x00000000eea00000)
  to   space 15872K, 0% used [0x00000000f5480000,0x00000000f5480000,0x00000000f6400000)
 ParOldGen       total 52224K, used 18343K [0x00000000a0000000, 0x00000000a3300000, 0x00000000e0000000)
  object space 52224K, 35% used [0x00000000a0000000,0x00000000a11e9c80,0x00000000a3300000)
 Metaspace       used 55218K, capacity 56646K, committed 56704K, reserved 1097728K
  class space    used 7420K, capacity 7755K, committed 7808K, reserved 1048576K
Event: 19.207 GC heap after
Heap after GC invocations=10 (full 2):
 PSYoungGen      total 333824K, used 15850K [0x00000000e0000000, 0x00000000f6400000, 0x0000000100000000)
  eden space 317952K, 0% used [0x00000000e0000000,0x00000000e0000000,0x00000000f3680000)
  from space 15872K, 99% used [0x00000000f5480000,0x00000000f63faaf0,0x00000000f6400000)
  to   space 22528K, 0% used [0x00000000f3800000,0x00000000f3800000,0x00000000f4e00000)
 ParOldGen       total 52224K, used 27965K [0x00000000a0000000, 0x00000000a3300000, 0x00000000e0000000)
  object space 52224K, 53% used [0x00000000a0000000,0x00000000a1b4f678,0x00000000a3300000)
 Metaspace       used 55218K, capacity 56646K, committed 56704K, reserved 1097728K
  class space    used 7420K, capacity 7755K, committed 7808K, reserved 1048576K
}

