# JRE version: OpenJDK Runtime Environment (8.0_152-b01) (build 1.8.0_152-release-1343-b01)
# Java VM: OpenJDK 64-Bit Server VM (25.152-b01 mixed mode windows-amd64 compressed oops)
Heap:
 PSYoungGen      total 201216K, used 2909K [0x00000000e0000000, 0x00000000edc80000, 0x0000000100000000)
  eden space 180736K, 1% used [0x00000000e0000000,0x00000000e02d77e0,0x00000000eb080000)
  from space 20480K, 0% used [0x00000000ec880000,0x00000000ec880000,0x00000000edc80000)
  to   space 22528K, 0% used [0x00000000eb080000,0x00000000eb080000,0x00000000ec680000)
 ParOldGen       total 141312K, used 45613K [0x00000000a0000000, 0x00000000a8a00000, 0x00000000e0000000)
  object space 141312K, 32% used [0x00000000a0000000,0x00000000a2c8b798,0x00000000a8a00000)
 Metaspace       used 66800K, capacity 68739K, committed 69080K, reserved 1110016K
  class space    used 8925K, capacity 9359K, committed 9472K, reserved 1048576K
GC Heap History (10 events):
Event: 19.786 GC heap before
{Heap before GC invocations=12 (full 2):
 PSYoungGen      total 149504K, used 149057K [0x00000000e0000000, 0x00000000ec200000, 0x0000000100000000)
  eden space 136192K, 99% used [0x00000000e0000000,0x00000000e8494430,0x00000000e8500000)
  from space 13312K, 99% used [0x00000000e8500000,0x00000000e91fc128,0x00000000e9200000)
  to   space 16384K, 0% used [0x00000000eb200000,0x00000000eb200000,0x00000000ec200000)
 ParOldGen       total 89600K, used 20231K [0x00000000a0000000, 0x00000000a5780000, 0x00000000e0000000)
  object space 89600K, 22% used [0x00000000a0000000,0x00000000a13c1da0,0x00000000a5780000)
 Metaspace       used 57483K, capacity 58944K, committed 59028K, reserved 1099776K
  class space    used 7779K, capacity 8141K, committed 8192K, reserved 1048576K
Event: 19.848 GC heap after
Heap after GC invocations=12 (full 2):
 PSYoungGen      total 177664K, used 16363K [0x00000000e0000000, 0x00000000ecb80000, 0x0000000100000000)
  eden space 161280K, 0% used [0x00000000e0000000,0x00000000e0000000,0x00000000e9d80000)
  from space 16384K, 99% used [0x00000000eb200000,0x00000000ec1fac28,0x00000000ec200000)
  to   space 20992K, 0% used [0x00000000e9d80000,0x00000000e9d80000,0x00000000eb200000)
 ParOldGen       total 89600K, used 26614K [0x00000000a0000000, 0x00000000a5780000, 0x00000000e0000000)
  object space 89600K, 29% used [0x00000000a0000000,0x00000000a19fdb90,0x00000000a5780000)
 Metaspace       used 57483K, capacity 58944K, committed 59028K, reserved 1099776K
  class space    used 7779K, capacity 8141K, committed 8192K, reserved 1048576K
}
Event: 19.848 GC heap before
{Heap before GC invocations=13 (full 3):
 PSYoungGen      total 177664K, used 16363K [0x00000000e0000000, 0x00000000ecb80000, 0x0000000100000000)
  eden space 161280K, 0% used [0x00000000e0000000,0x00000000e0000000,0x00000000e9d80000)
  from space 16384K, 99% used [0x00000000eb200000,0x00000000ec1fac28,0x00000000ec200000)
  to   space 20992K, 0% used [0x00000000e9d80000,0x00000000e9d80000,0x00000000eb200000)
 ParOldGen       total 89600K, used 26614K [0x00000000a0000000, 0x00000000a5780000, 0x00000000e0000000)
  object space 89600K, 29% used [0x00000000a0000000,0x00000000a19fdb90,0x00000000a5780000)
 Metaspace       used 57483K, capacity 58944K, committed 59028K, reserved 1099776K
  class space    used 7779K, capacity 8141K, committed 8192K, reserved 1048576K
Event: 20.438 GC heap after
Heap after GC invocations=13 (full 3):
 PSYoungGen      total 177664K, used 0K [0x00000000e0000000, 0x00000000ecb80000, 0x0000000100000000)
  eden space 161280K, 0% used [0x00000000e0000000,0x00000000e0000000,0x00000000e9d80000)
  from space 16384K, 0% used [0x00000000eb200000,0x00000000eb200000,0x00000000ec200000)
  to   space 20992K, 0% used [0x00000000e9d80000,0x00000000e9d80000,0x00000000eb200000)
 ParOldGen       total 141312K, used 37113K [0x00000000a0000000, 0x00000000a8a00000, 0x00000000e0000000)
  object space 141312K, 26% used [0x00000000a0000000,0x00000000a243e5d0,0x00000000a8a00000)
 Metaspace       used 57483K, capacity 58944K, committed 59028K, reserved 1099776K
  class space    used 7779K, capacity 8141K, committed 8192K, reserved 1048576K
}
Event: 30.754 GC heap before
{Heap before GC invocations=14 (full 3):
 PSYoungGen      total 177664K, used 161280K [0x00000000e0000000, 0x00000000ecb80000, 0x0000000100000000)
  eden space 161280K, 100% used [0x00000000e0000000,0x00000000e9d80000,0x00000000e9d80000)
  from space 16384K, 0% used [0x00000000eb200000,0x00000000eb200000,0x00000000ec200000)
  to   space 20992K, 0% used [0x00000000e9d80000,0x00000000e9d80000,0x00000000eb200000)
 ParOldGen       total 141312K, used 37113K [0x00000000a0000000, 0x00000000a8a00000, 0x00000000e0000000)
  object space 141312K, 26% used [0x00000000a0000000,0x00000000a243e5d0,0x00000000a8a00000)
 Metaspace       used 64702K, capacity 66644K, committed 66776K, reserved 1107968K
  class space    used 8698K, capacity 9143K, committed 9216K, reserved 1048576K
Event: 30.798 GC heap after
Heap after GC invocations=14 (full 3):
 PSYoungGen      total 182272K, used 14421K [0x00000000e0000000, 0x00000000edd80000, 0x0000000100000000)
  eden space 161280K, 0% used [0x00000000e0000000,0x00000000e0000000,0x00000000e9d80000)
  from space 20992K, 68% used [0x00000000e9d80000,0x00000000eab95500,0x00000000eb200000)
  to   space 21504K, 0% used [0x00000000ec880000,0x00000000ec880000,0x00000000edd80000)
 ParOldGen       total 141312K, used 37121K [0x00000000a0000000, 0x00000000a8a00000, 0x00000000e0000000)
  object space 141312K, 26% used [0x00000000a0000000,0x00000000a24405d0,0x00000000a8a00000)
 Metaspace       used 64702K, capacity 66644K, committed 66776K, reserved 1107968K
  class space    used 8698K, capacity 9143K, committed 9216K, reserved 1048576K
}
Event: 40.620 GC heap before
{Heap before GC invocations=15 (full 3):
 PSYoungGen      total 182272K, used 131419K [0x00000000e0000000, 0x00000000edd80000, 0x0000000100000000)
  eden space 161280K, 72% used [0x00000000e0000000,0x00000000e7241948,0x00000000e9d80000)
  from space 20992K, 68% used [0x00000000e9d80000,0x00000000eab95500,0x00000000eb200000)
  to   space 21504K, 0% used [0x00000000ec880000,0x00000000ec880000,0x00000000edd80000)
 ParOldGen       total 141312K, used 37121K [0x00000000a0000000, 0x00000000a8a00000, 0x00000000e0000000)
  object space 141312K, 26% used [0x00000000a0000000,0x00000000a24405d0,0x00000000a8a00000)
 Metaspace       used 66757K, capacity 68641K, committed 68696K, reserved 1107968K
  class space    used 8920K, capacity 9328K, committed 9344K, reserved 1048576K
Event: 40.661 GC heap after
Heap after GC invocations=15 (full 3):
 PSYoungGen      total 201216K, used 15972K [0x00000000e0000000, 0x00000000edc80000, 0x0000000100000000)
  eden space 180736K, 0% used [0x00000000e0000000,0x00000000e0000000,0x00000000eb080000)
  from space 20480K, 77% used [0x00000000ec880000,0x00000000ed8190a8,0x00000000edc80000)
  to   space 22528K, 0% used [0x00000000eb080000,0x00000000eb080000,0x00000000ec680000)
 ParOldGen       total 141312K, used 37129K [0x00000000a0000000, 0x00000000a8a00000, 0x00000000e0000000)
  object space 141312K, 26% used [0x00000000a0000000,0x00000000a24425d0,0x00000000a8a00000)
 Metaspace       used 66757K, capacity 68641K, committed 68696K, reserved 1107968K
  class space    used 8920K, capacity 9328K, committed 9344K, reserved 1048576K
}
Event: 40.661 GC heap before
{Heap before GC invocations=16 (full 4):
 PSYoungGen      total 201216K, used 15972K [0x00000000e0000000, 0x00000000edc80000, 0x0000000100000000)
  eden space 180736K, 0% used [0x00000000e0000000,0x00000000e0000000,0x00000000eb080000)
  from space 20480K, 77% used [0x00000000ec880000,0x00000000ed8190a8,0x00000000edc80000)
  to   space 22528K, 0% used [0x00000000eb080000,0x00000000eb080000,0x00000000ec680000)
 ParOldGen       total 141312K, used 37129K [0x00000000a0000000, 0x00000000a8a00000, 0x00000000e0000000)
  object space 141312K, 26% used [0x00000000a0000000,0x00000000a24425d0,0x00000000a8a00000)
 Metaspace       used 66757K, capacity 68641K, committed 68696K, reserved 1107968K
  class space    used 8920K, capacity 9328K, committed 9344K, reserved 1048576K
Event: 41.021 GC heap after
Heap after GC invocations=16 (full 4):
 PSYoungGen      total 201216K, used 0K [0x00000000e0000000, 0x00000000edc80000, 0x0000000100000000)
  eden space 180736K, 0% used [0x00000000e0000000,0x00000000e0000000,0x00000000eb080000)
  from space 20480K, 0% used [0x00000000ec880000,0x00000000ec880000,0x00000000edc80000)
  to   space 22528K, 0% used [0x00000000eb080000,0x00000000eb080000,0x00000000ec680000)
 ParOldGen       total 141312K, used 45613K [0x00000000a0000000, 0x00000000a8a00000, 0x00000000e0000000)
  object space 141312K, 32% used [0x00000000a0000000,0x00000000a2c8b798,0x00000000a8a00000)
 Metaspace       used 66738K, capacity 68589K, committed 68696K, reserved 1107968K
  class space    used 8914K, capacity 9318K, committed 9344K, reserved 1048576K
}

